<?xml version="1.0" encoding="UTF-8"?>
<!-- Generated by org.testng.reporters.JUnitReportReporter -->
<testsuite hostname="sandeeps-MacBook-Air.local" failures="0" tests="1" name="com.h3u.testcases.LoginTest" time="1.986" errors="0" timestamp="04 Jul 2019 06:39:28 GMT" skipped="0">
  <testcase classname="com.h3u.testcases.LoginTest" name="loginApp" time="1.986"/>
</testsuite> <!-- com.h3u.testcases.LoginTest -->
